<?xml version="1.0" encoding="UTF-8"?>
<testng-results total="1" passed="1" failed="0" skipped="0">
  <reporter-output>
  </reporter-output>
  <suite started-at="2024-06-11T15:37:06Z" name="Default suite" finished-at="2024-06-11T15:37:44Z" duration-ms="37929">
    <groups>
    </groups>
    <test started-at="2024-06-11T15:37:06Z" name="Default test" finished-at="2024-06-11T15:37:44Z" duration-ms="37929">
      <class name="com.OrangeHRM.Testcases.Testcase_001">
        <test-method is-config="true" signature="setUp()[pri:0, instance:com.OrangeHRM.Testcases.Testcase_001@36b4091c]" started-at="2024-06-11T21:07:06Z" name="setUp" finished-at="2024-06-11T21:07:42Z" duration-ms="35655" status="PASS">
          <reporter-output>
          </reporter-output>
        </test-method> <!-- setUp -->
        <test-method signature="checkLogin()[pri:0, instance:com.OrangeHRM.Testcases.Testcase_001@36b4091c]" started-at="2024-06-11T21:07:42Z" name="checkLogin" finished-at="2024-06-11T21:07:44Z" duration-ms="2240" status="PASS">
          <reporter-output>
          </reporter-output>
        </test-method> <!-- checkLogin -->
      </class> <!-- com.OrangeHRM.Testcases.Testcase_001 -->
    </test> <!-- Default test -->
  </suite> <!-- Default suite -->
</testng-results>
