<?xml version="1.0" encoding="UTF-8"?>
<testng-results ignored="0" total="2" passed="2" failed="0" skipped="0">
  <reporter-output>
  </reporter-output>
  <suite started-at="2024-06-25T15:47:44Z" name="Suite" finished-at="2024-06-25T15:48:01Z" duration-ms="17081">
    <groups>
    </groups>
    <test started-at="2024-06-25T15:47:44Z" name="Test" finished-at="2024-06-25T15:48:01Z" duration-ms="17081">
      <class name="com.OrangeHRM.Testcases.Testcase_001">
        <test-method is-config="true" signature="setUp()[pri:0, instance:com.OrangeHRM.Testcases.Testcase_001@479460a6]" started-at="2024-06-25T15:47:44Z" name="setUp" finished-at="2024-06-25T15:47:57Z" duration-ms="12362" status="PASS">
          <reporter-output>
          </reporter-output>
        </test-method> <!-- setUp -->
        <test-method signature="addEmployee()[pri:0, instance:com.OrangeHRM.Testcases.Testcase_001@479460a6]" started-at="2024-06-25T15:47:57Z" name="addEmployee" finished-at="2024-06-25T15:48:01Z" duration-ms="3693" status="PASS">
          <reporter-output>
          </reporter-output>
        </test-method> <!-- addEmployee -->
        <test-method signature="assertTitle()[pri:0, instance:com.OrangeHRM.Testcases.Testcase_001@479460a6]" started-at="2024-06-25T15:48:01Z" name="assertTitle" finished-at="2024-06-25T15:48:01Z" duration-ms="92" status="PASS">
          <reporter-output>
          </reporter-output>
        </test-method> <!-- assertTitle -->
        <test-method is-config="true" signature="tearDown()[pri:0, instance:com.OrangeHRM.Testcases.Testcase_001@479460a6]" started-at="2024-06-25T15:48:01Z" name="tearDown" finished-at="2024-06-25T15:48:01Z" duration-ms="410" status="PASS">
          <reporter-output>
          </reporter-output>
        </test-method> <!-- tearDown -->
      </class> <!-- com.OrangeHRM.Testcases.Testcase_001 -->
    </test> <!-- Test -->
  </suite> <!-- Suite -->
</testng-results>
